> Task :domain-data:compileTestJava
> Task :map-data:classes
> Task :feign-common:compileTestJava
> Task :domain-data:testClasses
> Task :map-data:jar
> Task :feign-common:testClasses
> Task :game-core:spotlessJava
> Task :feign-common:test
> Task :feign-common:check
> Task :domain-data:test
> Task :domain-data:check
> Task :game-headed:spotlessAllFiles
> Task :game-headed:spotlessAllFilesCheck
> Task :swing-lib-test-support:compileJava
> Task :swing-lib-test-support:classes
> Task :swing-lib-test-support:jar
> Task :game-headed:downloadAssets
> Task :game-headed:unzipAssets
> Task :game-headed:processResources
> Task :game-headed:processTestResources NO-SOURCE
> Task :game-headless:spotlessAllFiles
> Task :game-headless:spotlessAllFilesCheck
> Task :game-headless:spotlessJava
> Task :game-headless:spotlessJavaCheck
> Task :game-headless:spotlessCheck
> Task :game-headless:processResources
> Task :game-headless:processTestResources NO-SOURCE
> Task :game-relay-server:spotlessAllFiles
> Task :game-relay-server:spotlessAllFilesCheck
> Task :game-relay-server:spotlessJava
> Task :game-relay-server:spotlessJavaCheck
> Task :game-relay-server:spotlessCheck
> Task :game-relay-server:compileTestJava
> Task :game-relay-server:processTestResources
> Task :game-relay-server:testClasses
> Task :game-core:compileJava
> Task :game-relay-server:test
> Task :game-relay-server:check
> Task :java-extras:spotlessAllFiles
> Task :java-extras:spotlessAllFilesCheck

> Task :game-core:compileJava
Note: Some input files use or override a deprecated API.
Note: Recompile with -Xlint:deprecation for details.

> Task :ai:compileJava
> Task :ai:classes
> Task :ai:jar
> Task :java-extras:spotlessJava
> Task :game-core:classes
> Task :game-core:compileTestFixturesJava
> Task :game-core:jar
> Task :game-core:testFixturesClasses
> Task :game-core:testFixturesJar
> Task :ai:compileTestJava
> Task :ai:testClasses
> Task :game-headed:spotlessJava
> Task :game-headed:spotlessJavaCheck
> Task :game-headed:spotlessCheck
> Task :ai:test
> Task :ai:check

> Task :game-headed:compileJava
Note: Some input files use or override a deprecated API.
Note: Recompile with -Xlint:deprecation for details.

> Task :game-headed:classes
> Task :game-headless:compileJava
> Task :game-headless:classes
> Task :game-headless:jar
> Task :game-headless:compileTestJava
> Task :game-headless:testClasses
> Task :game-headed:compileTestJava
> Task :game-headed:testClasses

> Task :game-core:compileTestJava
Note: Some input files use or override a deprecated API.
Note: Recompile with -Xlint:deprecation for details.
Note: Some input files use unchecked or unsafe operations.
Note: Recompile with -Xlint:unchecked for details.

> Task :game-core:testClasses
> Task :game-headless:test
> Task :game-headless:check
> Task :java-extras:spotlessJavaCheck
> Task :java-extras:spotlessCheck

> Task :java-extras:compileTestJava
Note: /home/runner/work/triplea-rebased/triplea-rebased/lib/java-extras/src/test/java/org/triplea/java/UrlStreamsTest.java uses or overrides a deprecated API.
Note: Recompile with -Xlint:deprecation for details.

> Task :java-extras:processTestResources
> Task :java-extras:testClasses
> Task :game-headed:test
> Task :game-headed:check
> Task :lobby-client:spotlessAllFiles
> Task :lobby-client:spotlessAllFilesCheck
> Task :lobby-client:spotlessJava
> Task :lobby-client:spotlessJavaCheck
> Task :lobby-client:spotlessCheck
> Task :lobby-client:compileTestJava
> Task :lobby-client:processTestResources
> Task :lobby-client:testClasses
> Task :java-extras:test
> Task :java-extras:check
> Task :lobby-client-data:spotlessAllFiles
> Task :lobby-client-data:spotlessAllFilesCheck
> Task :lobby-client:test
> Task :lobby-client:check
> Task :lobby-client-data:compileTestJava NO-SOURCE
> Task :lobby-client-data:processTestResources NO-SOURCE
> Task :lobby-client-data:testClasses UP-TO-DATE
> Task :lobby-client-data:test NO-SOURCE
> Task :map-data:spotlessAllFiles
> Task :map-data:spotlessAllFilesCheck
> Task :lobby-client-data:spotlessJava
> Task :lobby-client-data:spotlessJavaCheck
> Task :lobby-client-data:spotlessCheck
> Task :lobby-client-data:check

> Task :map-data:compileTestJava
Note: Some input files use or override a deprecated API.
Note: Recompile with -Xlint:deprecation for details.

> Task :map-data:processTestResources
> Task :map-data:testClasses
> Task :map-data:spotlessJava
> Task :map-data:spotlessJavaCheck
> Task :map-data:spotlessCheck
> Task :smoke-testing:spotlessAllFiles
> Task :smoke-testing:spotlessAllFilesCheck
> Task :game-core:test
> Task :smoke-testing:spotlessJava
> Task :smoke-testing:spotlessJavaCheck
> Task :smoke-testing:spotlessCheck
> Task :smoke-testing:compileJava NO-SOURCE
> Task :smoke-testing:processResources NO-SOURCE
> Task :smoke-testing:classes UP-TO-DATE
> Task :smoke-testing:compileTestJava
> Task :smoke-testing:downloadSaveGames
> Task :smoke-testing:processTestResources
> Task :smoke-testing:testClasses
> Task :map-data:test
> Task :map-data:check
> Task :swing-lib:spotlessAllFiles
> Task :swing-lib:spotlessAllFilesCheck
> Task :swing-lib:spotlessJava
> Task :swing-lib:spotlessJavaCheck
> Task :swing-lib:spotlessCheck
> Task :swing-lib:compileTestJava
> Task :swing-lib:processTestResources NO-SOURCE
> Task :swing-lib:testClasses

> Task :swing-lib:test

JFrameBuilderTest > alwaysOnTop() SKIPPED

JFrameBuilderTest > windowActivatedAction(Runnable) SKIPPED

JFrameBuilderTest > windowClosedAction(Runnable) SKIPPED

JFrameBuilderTest > addComponents() SKIPPED

JFrameBuilderTest > title() SKIPPED

JFrameBuilderTest > minSizeIsSetByDefault() SKIPPED

JFrameBuilderTest > locationRelativeTo() SKIPPED

JFrameBuilderTest > windowActivatedActionRaisingEventShouldNotThrowExceptionWhenActionNotSet() SKIPPED

JFrameBuilderTest > minSize() SKIPPED

JFrameBuilderTest > windowClosedActionRaisingEventShouldNotThrowExceptionWhenActionNotSet() SKIPPED

> Task :swing-lib:check
> Task :swing-lib-test-support:spotlessAllFiles
> Task :swing-lib-test-support:spotlessAllFilesCheck
> Task :swing-lib-test-support:spotlessJava
> Task :swing-lib-test-support:spotlessJavaCheck
> Task :swing-lib-test-support:spotlessCheck
> Task :swing-lib-test-support:compileTestJava NO-SOURCE
> Task :swing-lib-test-support:processTestResources NO-SOURCE
> Task :swing-lib-test-support:testClasses UP-TO-DATE
> Task :swing-lib-test-support:test NO-SOURCE
> Task :swing-lib-test-support:check
> Task :test-common:spotlessAllFiles
> Task :test-common:spotlessAllFilesCheck
> Task :smoke-testing:test
> Task :test-common:spotlessJava
> Task :test-common:spotlessJavaCheck
> Task :test-common:spotlessCheck
> Task :test-common:compileTestJava
> Task :test-common:processTestResources
> Task :test-common:testClasses
> Task :test-common:test
> Task :test-common:check
> Task :websocket-client:spotlessAllFiles
> Task :websocket-client:spotlessAllFilesCheck
> Task :websocket-client:spotlessJava
> Task :websocket-client:spotlessJavaCheck
> Task :websocket-client:spotlessCheck
> Task :websocket-client:compileTestJava
> Task :websocket-client:processTestResources
> Task :websocket-client:testClasses
> Task :websocket-client:test
> Task :websocket-client:check
> Task :websocket-server:spotlessAllFiles
> Task :websocket-server:spotlessAllFilesCheck
> Task :websocket-server:spotlessJava
> Task :websocket-server:spotlessJavaCheck
> Task :websocket-server:spotlessCheck
> Task :websocket-server:compileTestJava
> Task :websocket-server:processTestResources
> Task :websocket-server:testClasses
> Task :websocket-server:test
> Task :websocket-server:check
> Task :xml-reader:spotlessAllFiles
> Task :xml-reader:spotlessAllFilesCheck
> Task :xml-reader:spotlessJava
> Task :xml-reader:spotlessJavaCheck
> Task :xml-reader:spotlessCheck
> Task :xml-reader:compileTestJava
> Task :xml-reader:processTestResources
> Task :xml-reader:testClasses
> Task :xml-reader:test
> Task :xml-reader:check
> Task :smoke-testing:check
> Task :game-core:spotlessJavaCheck FAILED

[Incubating] Problems report is available at: file:///home/runner/work/triplea-rebased/triplea-rebased/build/reports/problems/problems-report.html

FAILURE: Build failed with an exception.

* What went wrong:
Execution failed for task ':game-core:spotlessJavaCheck' (registered by plugin 'triplea-java-library').
> The following files had format violations:
      src/main/java/games/strategy/engine/framework/startup/ui/PlayerTypes.java
          @@ -39,6 +39,7 @@
           ··········return·new·ProAi(name,·getLabel());
           ········}
           ······};
          +
           ··/**
           ···*·Only·plays·the·Small·Front·maps.·It·drives·their·strategic·move·generator,·which·the·other·AIs
           ···*·know·nothing·about,·and·does·nothing·useful·anywhere·else.
      src/main/java/games/strategy/triplea/ai/smallfront/PressTheObjectivesPolicy.java
          @@ -44,7 +44,8 @@
           
           ··private·static·List<Territory>·enemyObjectives(final·GameData·data,·final·GamePlayer·player)·{
           ····return·data.getMap().getTerritories().stream()
          -········.filter(t·->·TerritoryAttachment.get(t).map(TerritoryAttachment::getVictoryCity).orElse(0)·>·0)
          +········.filter(
          +············t·->·TerritoryAttachment.get(t).map(TerritoryAttachment::getVictoryCity).orElse(0)·>·0)
           ········.filter(t·->·!player.equals(t.getOwner()))
           ········.sorted(Comparator.comparing(Territory::getName))
           ········.toList();
      src/main/java/games/strategy/triplea/ai/smallfront/SmallFrontAi.java
          @@ -26,15 +26,16 @@
           ·*·mask·the·reinforcement-learning·environment·uses.
           ·*
           ·*·<p>The·Pro·AI·cannot·play·these·maps:·they·have·no·production·frontier,·so·TuvCostsCalculator
          -·*·returns·an·empty·cost·map,·every·unit·is·worth·0,·no·attack·ever·looks·profitable·and·the·AI·never
          -·*·moves.·Rather·than·teach·the·Pro·AI·about·an·economy·that·deliberately·does·not·exist,·this·drives
          -·*·the·move·generator·the·maps·were·designed·around.
          +·*·returns·an·empty·cost·map,·every·unit·is·worth·0,·no·attack·ever·looks·profitable·and·the·AI
          +·*·never·moves.·Rather·than·teach·the·Pro·AI·about·an·economy·that·deliberately·does·not·exist,·this
          +·*·drives·the·move·generator·the·maps·were·designed·around.
           ·*
           ·*·<p>There·is·no·purchase,·tech·or·placement·on·these·maps,·so·those·hooks·do·nothing.
           ·*/
           @Slf4j
           public·class·SmallFrontAi·extends·AbstractAi·{
           ··private·static·final·int·MAX_ACTIONS·=·4096;
          +
           ··/**·A·turn·cannot·need·more·decisions·than·this;·the·bound·just·stops·a·policy·looping·forever.·*/
           ··private·static·final·int·MAX_MOVES_PER_PHASE·=·200;
           
          @@ -95,7 +96,9 @@
           ····final·List<Unit>·units;
           ····try·{
           ······route·=·StrategicActionResolver.resolveRoute(data,·action.parameters().get("route"));
          -······units·=·StrategicActionResolver.resolveUnits(action.parameters().get("unitIds"),·route.getStart());
          +······units·=
          +··········StrategicActionResolver.resolveUnits(
          +··············action.parameters().get("unitIds"),·route.getStart());
           ····}·catch·(final·RuntimeException·e)·{
      ... (2 more lines that didn't fit)
  Violations also present in 10 other files.
  Run './gradlew spotlessApply' to fix all violations.

* Try:
> Run with --stacktrace option to get the stack trace.
> Run with --info or --debug option to get more log output.
> Run with --scan to get full insights from a Build Scan (powered by Develocity).
> Get more help at https://help.gradle.org.

BUILD FAILED in 5m 39s
199 actionable tasks: 197 executed, 2 from cache
Configuration cache entry stored.
